Unity Player [version: Unity 5.4.1f1_649f48bbbf0f]

Maintest.exe caused an Access Violation (0xc0000005)
  in module Maintest.exe at 0023:0155a1b6.

Error occurred at 2016-10-19_215028.
C:\Users\Mohan Rajan\Documents\ARShooter\Maintest.exe, run by Mohan Rajan.
36% memory in use.
0 MB physical memory [0 MB free].
0 MB paging file [0 MB free].
0 MB user address space [3690 MB free].
Read from location 000005d4 caused an access violation.

Context:
EDI:    0x00000000  ESI: 0x042c6410  EAX:   0x001aea30
EBX:    0x00049d5a  ECX: 0x00000000  EDX:   0x00000002
EIP:    0x0155a1b6  EBP: 0x001aea1c  SegCs: 0x00000023
EFlags: 0x00210287  ESP: 0x001aea18  SegSs: 0x0000002b

Bytes at CS:EIP:
83 bf d4 05 00 00 00 75 07 32 c0 5f 5d c2 04 00 

Stack:
0x001aea18: 01d91f95 001aea4c 015429a9 001aea30 ....L....)T.0...
0x001aea28: 00000003 042c6410 666e6f63 00006769 .....d,.config..
0x001aea38: 001aea84 771f7539 00000006 0000000f ....9u.w........
0x001aea48: 95b16fe9 001aea54 01541d37 001aea6c .o..T...7.T.l...
0x001aea58: 01541e26 00000002 01543b70 00000000 &.T.....p;T.....
0x001aea68: 01f185f0 001aea88 01543bcf 00000003 .........;T.....
0x001aea78: 551820cc 551820cc 00049d5a 00000000 . .U. .UZ.......
0x001aea88: 001aeabc 01540db5 042c6410 00000003 ......T..d,.....
0x001aea98: 551820cc 551820cc 00049d5a 00000000 . .U. .UZ.......
0x001aeaa8: 00000003 042c63b8 00000000 01f185f0 .....c,.........
0x001aeab8: 00000000 001aeb24 01541984 00000003 ....$.....T.....
0x001aeac8: 551820cc 551820cc 00049d5a 00000000 . .U. .UZ.......
0x001aead8: 01f188f4 00000000 01f188f4 00000000 ................
0x001aeae8: 00000000 ea90ce87 03c54fc0 03c5ee30 .........O..0...
0x001aeaf8: 001aeb08 01b85ff7 03c54fc0 03ccc520 ....._...O.. ...
0x001aeb08: 001aeb2c 013b8883 041cbc48 001aeb28 ,.....;.H...(...
0x001aeb18: 00000000 ddbe660c 00000000 001aeb30 .....f......0...
0x001aeb28: 015419a7 00000003 001aeb4c 00f7f161 ..T.....L...a...
0x001aeb38: 042c63b8 00000000 00000000 03c54fc0 .c,..........O..
0x001aeb48: 00000000 001aeb6c 01169ccf 00000000 ....l...........
0x001aeb58: 00000006 00000000 fffffffe 001aeb9c ................
0x001aeb68: 00000086 001aeb9c 012011d4 00000000 .......... .....
0x001aeb78: 00000001 00000000 00200001 01200fd0 .......... ... .
0x001aeb88: 00000000 0000001c 00000001 00001628 ............(...
0x001aeb98: 00000000 001aebc8 7720d273 000e1532 ........s. w2...
0x001aeba8: 00000006 00200001 00000000 00200001 ...... ....... .
0x001aebb8: dcbaabcd 01200fd0 00000000 00200001 ...... ....... .
0x001aebc8: 001aecb0 771ee84a 01200fd0 000e1532 ....J..w.. .2...
0x001aebd8: 00000006 00200001 00000000 95b169dd ...... ......i..
0x001aebe8: 00000000 00000000 00000006 00000080 ................
0x001aebf8: 00000040 ec272d5a 00000024 00000001 @...Z-'.$.......
0x001aec08: 00000000 00000000 00000000 00000024 ............$...
0x001aec18: 00000001 00000000 00000000 00000070 ............p...
0x001aec28: ffffffff ffffffff 00000024 00000001 ........$.......
0x001aec38: 00000000 00000000 00000030 ffffffff ........0.......
0x001aec48: ffffffff 771ee6dc 00000000 00000000 .......w........
0x001aec58: 00000000 00000000 00000000 00000000 ................
0x001aec68: 01200fd0 00000000 00c509f8 00000000 .. .............
0x001aec78: 80000011 00000000 00000000 80000011 ................
0x001aec88: 00000000 00000001 000e1532 95b169dd ........2....i..
0x001aec98: 771ee480 001ae448 001aed00 77211570 ...wH.......p.!w
0x001aeca8: e283ca1d 00000000 001aed10 771ee480 ...............w
0x001aecb8: 01200fd0 00000000 00000006 00200001 .. ........... .
0x001aecc8: 00000000 002c9000 00000001 95b1687d ......,.....}h..
0x001aecd8: 001aee78 775d1af0 00000000 001aed48 x.....]w....H...
0x001aece8: 77211570 00000000 000e1532 00000000 p.!w....2.......
0x001aecf8: 001aecd4 001ae448 001aed60 77211570 ....H...`...p.!w
0x001aed08: e283ca3d fffffffe 001aed50 771f8ad9 =.......P......w
0x001aed18: 0233c720 00000000 00000006 00200001  .3........... .
0x001aed28: 00000000 01200fd0 00000104 00000001 ...... .........
0x001aed38: 00000000 00000000 001aed54 00000000 ........T.......
0x001aed48: 00000000 95b1683d 001aedbc 775bfef6 ....=h........[w
0x001aed58: 001aed6c 00000020 001aee3c 775bfe40 l... ...<...@.[w
0x001aed68: 001aed90 0233c720 00000000 00000006 .... .3.........
0x001aed78: 00200001 00000000 01200fd0 775d1af0 .. ....... ...]w
0x001aed88: 00000000 748f249c 771f6aa7 001aee78 .....$.t.j.wx...
0x001aed98: 00000000 00000104 00000104 00000002 ................
0x001aeda8: 021b5fb0 002c9000 01100100 00000102 ._....,.........
0x001aedb8: 001aef68 001aedf4 771f6a3d 00000104 h.......=j.w....
0x001aedc8: 00000104 00000002 00000000 001af180 ................
0x001aedd8: 001aee78 001af180 021b5fb0 002c9000 x........_....,.
0x001aede8: 021b5fb0 002c9000 001aee04 001aee4c ._....,.....L...
0x001aedf8: 768608e6 001aee78 00000000 00000104 ...vx...........
0x001aee08: 00000104 00000002 02603b31 001af180 ........1;`.....
0x001aee18: 00000000 00000003 021b5fb0 002c9000 ........._....,.
0x001aee28: 01000000 001af180 00000000 001aee10 ................
0x001aee38: 00000000 001aeee8 768aff60 74edd3bd ........`..v...t
0x001aee48: 00000000 001aee98 768609b7 001aee78 ...........vx...
0x001aee58: 00000000 00000104 00000104 00000002 ................
0x001aee68: 001af180 001af180 00000002 2ed9b5eb ................
0x001aee78: fffffffe 001aeee4 748f24ac 771f85c6 .........$.t...w
0x001aee88: 00005cff 771f85d0 95b16bf9 02603be5 .\.....w.k...;`.
0x001aee98: 001aeef8 76860c08 02603b85 00aa3d7b .......v.;`.{=..
0x001aeea8: 001af180 00000002 00005dff 00000000 .........]......
0x001aeeb8: 000000c8 000007f0 000007f8 000000c8 ................
0x001aeec8: 580d6f97 000001ce 001af180 001af798 .o.X............
0x001aeed8: 04010001 02603b85 001aeea0 001aef1c .....;`.........
0x001aeee8: 001af798 768aff60 74edd395 fffffffe ....`..v...t....
0x001aeef8: 001aef1c 768610bc 007043e0 0b0b9040 .......v.Cp.@...
0x001aef08: 001af180 00000000 00aa3d7b 000003e8 ........{=......
0x001aef18: 02603a61 001aefdc 7684e641 001aef68 a:`.....A..vh...
0x001aef28: 00000002 001aef60 007043e0 006cdcd0 ....`....Cp...l.
0x001aef38: 0b0819f8 007043e0 001af03c 007043e0 .....Cp.<....Cp.
0x001aef48: 00000002 0b0bbad4 00000000 001af2ac ................
0x001aef58: 00000000 0b0b9040 ffffffff 001af180 ....@...........
0x001aef68: 000007f0 000007f8 768560a8 00000000 .........`.v....
0x001aef78: 00000000 00000000 00000000 11d22e00 ................
0x001aef88: 00000000 00000000 00000000 00000000 ................
0x001aef98: 00000000 00000000 00000000 00000000 ................
0x001aefa8: 00000000 00000000 00000000 00000000 ................
0x001aefb8: 00000000 00000000 00000000 423ec01e ..............>B
0x001aefc8: 11d22e35 100004b6 fd3e704b 02603a41 5.......Kp>.A:`.
0x001aefd8: 00000000 001af0f0 7685fbe6 0b0bbad4 ...........v....
0x001aefe8: 7685fa40 001af2ac 007043e0 0e810790 @..v.....Cp.....
0x001aeff8: 001af284 76e4dad2 001af2ac 00000000 .......v........
0x001af008: 001af2ac 767a4918 00000000 00000000 .....Izv........
0x001af018: 00aa3ccf 00000000 0e810834 ffffffff .<......4.......
0x001af028: ffffffff 00000000 00000000 00000000 ................
0x001af038: 0e81083c 76e4f640 00000000 0e91aad0 <...@..v........
0x001af048: 423ec01e 11d22e35 100004b6 fd3e704b ..>B5.......Kp>.
0x001af058: 0e810838 00000000 024cf0c4 001af104 8.........L.....
0x001af068: 00000000 0e91aab8 00008000 0e810720 ............ ...
0x001af078: 0e810668 00000000 0e810790 0e810668 h...........h...
0x001af088: 00000000 001af104 76e4c0a8 0e810790 ...........v....
0x001af098: 001af0b4 7758acf0 7765d528 00001008 ......Xw(.ew....
0x001af0a8: 00000003 006e0750 006f7368 001af0bc ....P.n.hso.....
0x001af0b8: 00000003 76c516e0 001af0dc 76fd103a .......v....:..v
0x001af0c8: 00000003 00000000 006cdcd0 76fd1046 ..........l.F..v
0x001af0d8: ec2731ae 001af114 76fd0fe0 76fd0fc7 .1'........v...v
0x001af0e8: ec273066 02603a89 001af260 7685f4cf f0'..:`.`......v
0x001af0f8: 001af2ac 001af284 007043e0 001af398 .........Cp.....
0x001af108: 001af2ac 9b3beb62 00000000 001af2ac ....b.;.........
0x001af118: 001af284 00000000 006cdcd0 00000000 ..........l.....
0x001af128: 768556d3 0ebdd700 00000000 00000030 .V.v........0...
0x001af138: 007043e0 006cdcd0 768557e1 001af2ac .Cp...l..W.v....
0x001af148: 707074e8 00000001 00000000 0e8a5a68 .tpp........hZ..
0x001af158: 006cdcd0 00000000 00000000 0b0bbad4 ..l.............
0x001af168: 00000000 76860160 0ebdd6f8 00000000 ....`..v........
0x001af178: 00000040 00000000 767a4b7c 01000000 @.......|Kzv....
0x001af188: 00000000 00000000 00000000 00000000 ................
0x001af198: 80010115 00000000 00000000 00000000 ................
0x001af1a8: 00000000 768bb780 00000000 00000000 .......v........
0x001af1b8: 00005dff a0c2092e 43c9b97a 437a61a9 .]......z..C.azC
0x001af1c8: 273dc10d 00000010 00000000 001af2ac ..='............
0x001af1d8: 00aa3ccf 000000ac 00000000 00000001 .<..............
0x001af1e8: 00000000 0e99adf0 00000000 00000000 ................
0x001af1f8: 00000000 00000000 00000000 10000bb6 ................
0x001af208: fd3e704b 02602481 001af230 001af170 Kp>..$`.0...p...
0x001af218: 00000000 00000000 00000000 00000000 ................
0x001af228: 00000000 00000000 00000000 00000000 ................
0x001af238: 00000000 00000000 76e25ae7 423ec01e .........Z.v..>B
0x001af248: 11d22e35 100004b6 fd3e704b 02602449 5.......Kp>.I$`.
0x001af258: 00000000 02602471 001af28c 767c3015 ....q$`......0|v
0x001af268: 001af2ac 001af284 001af7ec 001af4d8 ................
0x001af278: 767c2f40 007043e0 001af2ac 00000000 @/|v.Cp.........
0x001af288: 026027f1 001af7a8 76e25a9a 0e994afc .'`......Z.v.J..
0x001af298: 001af398 024cf708 768b2740 001af7e0 ......L.@'.v....
0x001af2a8: 0e8be56c 007043e0 00000010 00000000 l....Cp.........
0x001af2b8: 00000018 00008003 00000000 0e91aab8 ................
0x001af2c8: 00000000 00000004 001ae0f0 00000000 ................
0x001af2d8: 0e8be4f4 001af678 00000000 002cb000 ....x.........,.
0x001af2e8: 00000000 00000000 00000000 00000000 ................
0x001af2f8: 006d3c38 00000000 00000000 00000000 8<m.............
0x001af308: 00000000 767aafc8 767d39ce 001af398 ......zv.9}v....
0x001af318: 001af398 00000000 707068d4 001af398 .........hpp....
0x001af328: 001af7ec 00000000 002cb000 001af72c ..........,.,...
0x001af338: 00000000 001af398 00000000 0ebdd724 ............$...
0x001af348: 0ebdd6d0 00000000 006d3c38 00000000 ........8<m.....
0x001af358: 00000000 00000000 00000000 767aafc8 ..............zv
0x001af368: 00000000 00000000 00000007 00000000 ................
0x001af378: 006d3c38 00000000 00000000 00000000 8<m.............
0x001af388: 70709920 70709850 00000000 00000001  .ppP.pp........
0x001af398: 001af2ac 0ebdd750 00000000 00000000 ....P...........
0x001af3a8: 0ebdd738 00000054 00000000 00000000 8...T...........
0x001af3b8: 00000001 00000000 00000000 00000000 ................
0x001af3c8: 00000000 00000000 00000002 00000000 ................
0x001af3d8: 00000000 00000000 70709920 70709850 ........ .ppP.pp
0x001af3e8: 001af7e0 00000000 00000000 00000000 ................
0x001af3f8: 707018d8 00000000 00000000 00000000 ..pp............
0x001af408: 00000140 00000000 00000000 00000000 @...............
0x001af418: 00000000 0ebd99b8 00000000 00000000 ................
0x001af428: 00000000 00000000 00000000 00000003 ................
0x001af438: 001ae258 00000000 001af580 001af7e0 X...............
0x001af448: 00000000 00000000 00000000 00000000 ................
0x001af458: 00000000 001af4d8 00000000 00000000 ................
0x001af468: 00000000 00000000 00000000 001af340 ............@...
0x001af478: 00000003 0afffb90 006d3c74 0000006c ........t<m.l...
0x001af488: 00000001 00000000 7070672a 7070503a ........*gpp:Ppp
0x001af498: 001af788 001af7ec 00000000 7070502c ............,Ppp
0x001af4a8: 00000000 76e3f540 00000000 001af4d8 ....@..v........
0x001af4b8: 00000000 00000000 0e994afc 00000000 .........J......
0x001af4c8: 70704ff8 001af398 00000003 00000010 .Opp............
0x001af4d8: 8a885d04 0000006c 70704fea 70704fe0 .]..l....Opp.Opp
0x001af4e8: 00000007 70704ff8 001af7e0 00000233 .....Opp....3...
0x001af4f8: 00000000 70704fea 7070672a 00000022 .....Opp*gpp"...
0x001af508: 00000000 00000000 00000000 00000001 ................
0x001af518: 00000020 00000000 00000000 00000000  ...............
0x001af528: 00000000 76e62340 00000000 00000000 ....@#.v........
0x001af538: 00000000 00000000 76e5f2b0 76e5f3a0 ...........v...v
0x001af548: 00000000 00000000 00000000 00000000 ................
0x001af558: 00000000 00000000 00000000 00000000 ................
0x001af568: 00000000 001af710 001af570 001af570 ........p...p...
0x001af578: 00000068 00000000 001af580 001af580 h...............
0x001af588: 00000017 00000000 001af590 001af590 ................
0x001af598: 000001f8 fe8b926b 001af8b0 0e8be550 ....k.......P...
0x001af5a8: 76e225fc 001af230 001af370 0b089e44 .%.v0...p...D...
0x001af5b8: 00000000 00000000 00000000 0e994948 ............HI..
0x001af5c8: 0e99494c 001af634 0ebd95f8 001af72c LI..4.......,...
0x001af5d8: 0b0819f8 00000000 76845df7 768bb780 .........].v...v
0x001af5e8: 0b001250 0e993ef8 0e994af0 00000064 P....>...J..d...
0x001af5f8: 001af62c 77597951 006c0000 0e994af0 ,...QyYw..l..J..
0x001af608: 0e994af8 76e5e8f9 024cf6b4 001af660 .J.....v..L.`...
0x001af618: 7684386a 0e993ef8 00240016 0000002a j8.v.>....$.*...
0x001af628: 0b001250 001af650 7759787d 001af72c P...P...}xYw,...
0x001af638: 001af6f0 7683fa00 00000000 001af72c .......v....,...
0x001af648: 0b089e44 767d3962 76977098 001af664 D...b9}v.p.vd...
0x001af658: 76860367 769770ac 00000000 001af6b8 g..v.p.v........
0x001af668: 768412f0 767cf694 00001588 027ad57d ...v..|v....}.z.
0x001af678: 001af724 0b089e44 76841300 00000001 $...D......v....
0x001af688: 0e994b30 001af724 001af728 001af72c 0K..$...(...,...
0x001af698: 00000000 001af73c 0e994b28 00000000 ....<...(K......
0x001af6a8: 00000000 0b089e44 00000000 0b089e44 ....D.......D...
0x001af6b8: 00000000 775bf8dc 76689980 0e845368 ......[w..hvhS..
0x001af6c8: 00000010 0e845368 00000000 001af730 ....hS......0...
0x001af6d8: 7668976f 0e8453d0 00000010 001af7b4 o.hv.S..........
0x001af6e8: 7668977f 00000000 0e8453c0 001af7c4 ..hv.....S......
0x001af6f8: 0000000e 00000000 00000000 001af750 ............P...
0x001af708: 0e8453d0 00000000 001af718 001af71c .S..............
0x001af718: 001af724 ec273672 7684607a 0e99494c $...r6'.z`.vLI..
0x001af728: 76845800 0e8be504 768bb880 76845868 .X.v.......vhX.v
0x001af738: 0b089e40 00000001 0e8be4c8 001af7b4 @...............
0x001af748: 00000000 fffffffe 00000001 00000002 ................
0x001af758: 02602221 001af770 767c135f 0b089ee4 !"`.p..._.|v....
0x001af768: 767c136a 0260220d 001af784 76e5e93e j.|v."`.....>..v
0x001af778: 0e99494c 76e5e949 024cf724 001af7d4 LI..I..v$.L.....
0x001af788: 7066414e 024cf708 001af29c 001af8c0 NAfp..L.........
0x001af798: 001af830 76e64aa0 74baa080 00000001 0....J.v...t....
0x001af7a8: 001af7c8 767c3a90 707018d8 70704fe0 .....:|v..pp.Opp
0x001af7b8: 001af7e0 001af8c4 0e8be550 00000020 ........P... ...
0x001af7c8: 001af7d8 768b272f 001af7e0 00000003 ..../'.v........
0x001af7d8: 001af83c 70659653 0e994afc 0e8be4f4 <...S.ep.J......
0x001af7e8: ffffffff 00000001 001af8c4 001af824 ............$...
0x001af7f8: 001af828 1b196d4a 03522b08 01d03b64 (...Jm...+R.d;..
0x001af808: 00000000 00dfa610 001af828 010557df ........(....W..
0x001af818: 03522b00 03522b00 01f5ef80 00000000 .+R..+R.........
0x001af828: 00000000 1b196d4a 001aff00 70667b58 ....Jm......X{fp
0x001af838: ffffffff 001af8b4 0106599f 0e8be550 .........Y..P...
0x001af848: ffffffff 00000001 001af8c0 001af8c4 ................
0x001af858: 00000010 00000010 00000000 01f5fc50 ............P...
0x001af868: 00dfa670 03558a50 03558c30 0000a50d p...P.U.0.U.....
0x001af878: 00dfa670 001af894 010557df 03558a50 p........W..P.U.
0x001af888: 03558a50 01f5ef80 00000000 001af8a8 P.U.............
0x001af898: 01056b04 00000000 00000000 00000000 .k..............
0x001af8a8: 001af8b8 0e91a738 0e8be550 001af90c ....8...P.......
0x001af8b8: 01065c37 001af8d0 00000000 00000000 7\..............
0x001af8c8: 042c6410 00000000 03558a50 0354ce50 .d,.....P.U.P.T.
0x001af8d8: 01f5ef80 00000000 00000016 0000001f ................
0x001af8e8: 0354ce50 0354ce50 042c6410 001af904 P.T.P.T..d,.....
0x001af8f8: 01056bc2 0000002c 0000002f 001afa00 .k..,.../.......
0x001af908: 0e91a738 001afa00 01542895 00000010 8........(T.....
0x001af918: 042c6410 00000000 001af938 010553f5 .d,.....8....S..
0x001af928: 0354ceb0 00000010 00000010 01f5ef80 ..T.............
0x001af938: 001af970 342e3575 3166312e 00000000 p...u5.4.1f1....
0x001af948: 0000002f 00000008 0000000f 00000030 /...........0...
0x001af958: 0354ce50 0000002f 001afa4c 0000000f P.T./...L.......
0x001af968: 00000020 0000002f 001af990 646e6957  .../.......Wind
0x001af978: 5073776f 6579616c 00000072 0000000d owsPlayer.......
0x001af988: 0000000f 0000004b 0354ce50 00f4f739 ....K...P.T.9...
0x001af998: 00000030 00000010 00000020 0000002f 0....... .../...
0x001af9a8: 01cedea8 0000004b 001af9e4 00f4fd96 ....K...........
0x001af9b8: 00000030 00000000 00000024 042c6420 0.......$... d,.
0x001af9c8: 342e3500 3166312e 042c6400 001af9c0 .5.4.1f1.d,.....
0x001af9d8: 00000000 0000000f 001afa00 0354cd00 ..............T.
0x001af9e8: 0354ceb0 0354cf40 00000024 00000000 ..T.@.T.$.......
0x001af9f8: 0000000f 00000000 001afa08 01541d2a ............*.T.
0x001afa08: 001afa18 01542467 00000001 042c6410 ....g$T......d,.
0x001afa18: 001afaa8 01543a68 001afa4c 00000001 ....h:T.L.......
0x001afa28: 042c6410 00049d5a 76c4f100 01dd3cb8 .d,.Z......v.<..
0x001afa38: 01629799 0000000a 00000000 0000000f ..b.............
0x001afa48: 00000022 0354cf40 042c63b8 00000000 "...@.T..c,.....
0x001afa58: 01eee4e8 00000024 0000002f 011fe300 ....$.../.......
0x001afa68: 00000000 00000000 00000005 00000000 ................
0x001afa78: 00000000 0000000f ddbdd145 0354d030 ........E...0.T.
0x001afa88: 00000000 001afb01 00000010 00000024 ............$...
0x001afa98: 0000002f 01eee5c4 042c6410 001afab8 /........d,.....
0x001afaa8: 001afab8 01543b55 00000000 01f185f0 ....U;T.........
0x001afab8: 001afad4 01543bcf 00000001 551820cc .....;T...... .U
0x001afac8: 551820cc 00049d5a 00000000 001afb08 . .UZ...........
0x001afad8: 01540db5 042c6410 00000001 551820cc ..T..d,...... .U
0x001afae8: 551820cc 00049d5a 00000000 01d91e4d . .UZ.......M...
0x001afaf8: 042c63b8 00000000 01f185f0 00000000 .c,.............
0x001afb08: 001afb70 01541984 00000001 551820cc p.....T...... .U
0x001afb18: 551820cc 00049d5a 00000000 00000002 . .UZ...........
0x001afb28: 00000003 01f152d0 0354d000 03558c10 .....R....T...U.
0x001afb38: 035363b0 001afbac 00000000 0000000f .cS.............
0x001afb48: 00000002 0354d030 001afb40 001aff00 ....0.T.@.......
0x001afb58: 00000000 00000024 0000002f 001afb80 ....$.../.......
0x001afb68: ddbe64f7 00000000 001afb7c 01541ada .d......|.....T.
0x001afb78: 00000001 001afba4 0118f8a0 042c63b8 .............c,.
0x001afb88: ffffffbc 03c956f0 00000002 03c956f0 .....V.......V..
0x001afb98: 03533a01 03c95660 01f152ac 001afc0c .:S.`V...R......
0x001afba8: 011905cf ffffffbc 03c956f0 00000002 .........V......
0x001afbb8: 03533a40 03c95660 03533a01 03558ab0 @:S.`V...:S...U.
0x001afbc8: 03558ab0 00000000 03c956b4 001afbe8 ..U......V......
0x001afbd8: 03558ad0 00000000 03558ab0 00000000 ..U.......U.....
0x001afbe8: 001afbf8 01056b60 03558ab0 00000008 ....`k....U.....
0x001afbf8: 001afc30 00f58960 03558ab0 03c95660 0...`.....U.`V..
0x001afc08: 03c95660 001afc30 0119078f 03533a40 `V..0.......@:S.
0x001afc18: 03c95660 0118f49a 00000010 03533a40 `V..........@:S.
0x001afc28: 00000001 03533a40 001afc50 0118f52a ....@:S.P...*...
0x001afc38: 00000002 7fffffff 00000010 03c95660 ............`V..
0x001afc48: 00000000 00000001 001afc60 01037f71 ........`...q...
0x001afc58: 0000000f 03c9b2c0 001afcf4 0116b2dc ................
0x001afc68: 001afc8c 001afca8 001afcc4 001afce0 ................
0x001afc78: 00000000 00000002 77202450 771f6730 ........P$ w0g.w
0x001afc88: 00000004 03558b50 001afcc8 00fc09d4 ....P.U.........
0x001afc98: 001afcc8 0000001c 0000001f 01f1cb4c ............L...
0x001afca8: 6576656c 0000306c 00000000 00000000 level0..........
0x001afcb8: 00000006 0000000f 00000000 03558b30 ............0.U.
0x001afcc8: 001afce4 00f8d5a6 03558b50 00000014 ........P.U.....
0x001afcd8: 0000001f 00000000 00000000 00000000 ................
0x001afce8: 00000000 00000000 771f6730 001afd30 ........0g.w0...
0x001afcf8: 0116b382 00000000 01200ed2 012015d9 .......... ... .
0x001afd08: 00000000 00000001 000e1532 000000ff ........2.......
0x001afd18: 00000001 086405ef 00aa3ba6 000000ec ......d..;......
0x001afd28: 000001ce 00000764 001afe68 0120360e ....d...h....6 .
0x001afd38: 0162bddb 00000000 002c8000 03517910 ..b.......,..yQ.
0x001afd48: 01c0003f 000001ff 00000000 0000003f ?...........?...
0x001afd58: 0000003f 00001fff 0351fc10 00000000 ?.........Q.....
0x001afd68: 00a821a0 01e32b88 00000044 0000004f .!...+..D...O...
0x001afd78: 0164a11b 00a821a0 01e32b88 00000010 ..d..!...+......
0x001afd88: 00000010 7fffffff 00000000 01eee4e8 ................
0x001afd98: 00a81ad0 00000010 001afd00 001afdd4 ................
0x001afda8: 01646ddb 00a821a0 01e32b88 0351fd50 .md..!...+..P.Q.
0x001afdb8: 001afdc4 7fffffff 00000000 00000045 ............E...
0x001afdc8: 0000004f 00a805a8 03517a10 001afe04 O........zQ.....
0x001afdd8: 01638b8b 00a821a0 00000036 0000003f ..c..!..6...?...
0x001afde8: 001afd24 616e614d 00646567 6c65746e $...Managed.ntel
0x001afdf8: 00000000 00000007 0000000f 001afe10 ................
0x001afe08: 03517950 03517988 03517988 0000000d PyQ..yQ..yQ.....
0x001afe18: 00df9040 65646900 646e6957 6c00776f @....ideWindow.l
0x001afe28: 001a006c 00000000 0000000f 00000000 l...............
0x001afe38: 00000000 65726100 5748746e 0100444e .....arentHWND..
0x001afe48: 006c44ae 00000000 0000000f 00000000 .Dl.............
0x001afe58: 00df9040 00df9080 00000000 00100801 @...............
0x001afe68: 001afe80 015fc8d8 00f40000 00000000 ......_.........
0x001afe78: 006c44b0 00000001 001aff10 0162bd88 .Dl...........b.
0x001afe88: 00f40000 00000000 006c44b0 00000001 .........Dl.....
0x001afe98: 73e24e1e 0162bddb 0162bddb 002c8000 .N.s..b...b...,.
0x001afea8: 00000044 006c254e 006c252e 006c24c2 D...N%l..%l..$l.
0x001afeb8: 00000000 00000000 00000000 00000000 ................
0x001afec8: 00000000 00000000 00000000 00000401 ................
0x001afed8: 00000001 00000000 00000000 00010001 ................
0x001afee8: 00000000 001afefc 0162bddb 00000000 ..........b.....
0x001afef8: 001afe98 df5b633f 001aff5c 0162d960 ....?c[.\...`.b.
0x001aff08: 72129806 00000000 001aff24 774862c4 ...r....$....bHw
0x001aff18: 002c8000 774862a0 8841cb53 001aff6c ..,..bHwS.A.l...
0x001aff28: 775b0609 002c8000 2378f3a9 00000000 ..[w..,...x#....
0x001aff38: 00000000 002c8000 00000000 00000000 ......,.........
0x001aff48: 00000000 00000000 2378f3a9 001aff30 ..........x#0...
0x001aff58: 00000000 001aff74 775c5de0 54067185 ....t....]\w.q.T
0x001aff68: 00000000 001aff7c 775b05d4 ffffffff ....|.....[w....
0x001aff78: 775d2541 00000000 00000000 0162bddb A%]w..........b.
0x001aff88: 002c8000 00000000 00000000 00000000 ..,.............
0x001aff98: 00000000 00000000 00000000 00000000 ................
0x001affa8: 00000000 00000000 00000000 00000000 ................
0x001affb8: 00000000 00000000 00000000 00000000 ................
0x001affc8: 00000000 00000000 00000000 00000000 ................
0x001affd8: 00000000 00000000 00000000 00000000 ................
0x001affe8: 00000000 00000000 00000000 00000000 ................
0x001afff8: 00000000 00000000                   ........

Module 1
C:\WINDOWS\SYSTEM32\WINMMBASE.dll
Image Base: 0x009f0000  Image Size: 0x00023000
File Size:  131208      File Time:  2016-07-16_171250
Version:
   Company:    Microsoft Corporation
   Product:    Microsoft® Windows® Operating System
   FileDesc:   Base Multimedia Extension API DLL
   FileVer:    10.0.14393.0
   ProdVer:    10.0.14393.0

Module 2
C:\Users\Mohan Rajan\Documents\ARShooter\Maintest.exe
Image Base: 0x00f40000  Image Size: 0x011b8000
File Size:  17729536    File Time:  2016-09-01_160248
Version:
   Company:    
   Product:    
   FileDesc:   
   FileVer:    5.4.1.40776
   ProdVer:    5.4.1.40776

Module 3
C:\WINDOWS\SYSTEM32\xinput1_3.dll
Image Base: 0x00400000  Image Size: 0x00016000
File Size:  81768       File Time:  2007-04-04_185342
Version:
   Company:    Microsoft Corporation
   Product:    Microsoft® DirectX for Windows®
   FileDesc:   Microsoft Common Controller API
   FileVer:    9.18.944.0
   ProdVer:    9.18.944.0

Module 4
C:\Users\Mohan Rajan\Documents\ARShooter\Maintest_Data\Mono\mono.dll
Image Base: 0x10000000  Image Size: 0x00230000
File Size:  2113496     File Time:  2016-09-01_160800
Version:
   Company:    Unity Technologies
   Product:    libmono
   FileDesc:   Unity Technologies fork of mono runtime
   FileVer:    1.0.0.1
   ProdVer:    1.0.0.1

Module 5
C:\WINDOWS\SYSTEM32\wdmaud.drv
Image Base: 0x5af10000  Image Size: 0x00039000
File Size:  207360      File Time:  2016-07-16_171250
Version:
   Company:    Microsoft Corporation
   Product:    Microsoft® Windows® Operating System
   FileDesc:   Winmm  audio system driver
   FileVer:    10.0.14393.0
   ProdVer:    10.0.14393.0

Module 6
C:\WINDOWS\SYSTEM32\DDRAW.dll
Image Base: 0x5af50000  Image Size: 0x000ed000
File Size:  547840      File Time:  2016-07-16_171306
Version:
   Company:    Microsoft Corporation
   Product:    Microsoft® Windows® Operating System
   FileDesc:   Microsoft DirectDraw
   FileVer:    10.0.14393.0
   ProdVer:    10.0.14393.0

Module 7
C:\WINDOWS\SYSTEM32\GLU32.dll
Image Base: 0x5b040000  Image Size: 0x00025000
File Size:  141312      File Time:  2016-07-16_171306
Version:
   Company:    Microsoft Corporation
   Product:    Microsoft® Windows® Operating System
   FileDesc:   OpenGL Utility Library DLL
   FileVer:    10.0.14393.0
   ProdVer:    10.0.14393.0

Module 8
C:\WINDOWS\SYSTEM32\OPENGL32.dll
Image Base: 0x5b070000  Image Size: 0x000e0000
File Size:  786944      File Time:  2016-07-16_171306
Version:
   Company:    Microsoft Corporation
   Product:    Microsoft® Windows® Operating System
   FileDesc:   OpenGL Client DLL
   FileVer:    10.0.14393.0
   ProdVer:    10.0.14393.0

Module 9
C:\WINDOWS\SYSTEM32\midimap.dll
Image Base: 0x5bee0000  Image Size: 0x00008000
File Size:  18944       File Time:  2016-07-16_171250
Version:
   Company:    Microsoft Corporation
   Product:    Microsoft® Windows® Operating System
   FileDesc:   Microsoft MIDI Mapper
   FileVer:    10.0.14393.0
   ProdVer:    10.0.14393.0

Module 10
C:\WINDOWS\SYSTEM32\msacm32.drv
Image Base: 0x602c0000  Image Size: 0x0000a000
File Size:  24576       File Time:  2016-07-16_171250
Version:
   Company:    Microsoft Corporation
   Product:    Microsoft® Windows® Operating System
   FileDesc:   Microsoft Sound Mapper
   FileVer:    10.0.14393.0
   ProdVer:    10.0.14393.0

Module 11
C:\WINDOWS\SYSTEM32\DCIMAN32.dll
Image Base: 0x62440000  Image Size: 0x00007000
File Size:  11776       File Time:  2016-07-16_171250
Version:
   Company:    Microsoft Corporation
   Product:    Microsoft® Windows® Operating System
   FileDesc:   DCI Manager
   FileVer:    10.0.14393.0
   ProdVer:    10.0.14393.0

Module 12
C:\WINDOWS\SYSTEM32\ksuser.dll
Image Base: 0x63060000  Image Size: 0x00007000
File Size:  20672       File Time:  2016-07-16_171250
Version:
   Company:    Microsoft Corporation
   Product:    Microsoft® Windows® Operating System
   FileDesc:   User CSA Library
   FileVer:    10.0.14393.0
   ProdVer:    10.0.14393.0

Module 13
C:\WINDOWS\system32\nvspcap.dll
Image Base: 0x66040000  Image Size: 0x00151000
File Size:  1377800     File Time:  2016-06-15_013128
Version:
   Company:    NVIDIA Corporation
   Product:    NVIDIA GeForce Experience
   FileDesc:   NVIDIA Capture Server Proxy
   FileVer:    2.11.4.0
   ProdVer:    2.11.4.0

Module 14
C:\WINDOWS\System32\DriverStore\FileRepository\nv_dispiwu.inf_amd64_9ff5ab165faead52\nvwgf2um.dll
Image Base: 0x66370000  Image Size: 0x010f0000
File Size:  18140232    File Time:  2016-09-24_182834
Version:
   Company:    NVIDIA Corporation
   Product:    NVIDIA D3D10 drivers
   FileDesc:   NVIDIA D3D10 Driver, Version 369.09 
   FileVer:    21.21.13.6909
   ProdVer:    21.21.13.6909

Module 15
C:\WINDOWS\SYSTEM32\d3d11.dll
Image Base: 0x67580000  Image Size: 0x00230000
File Size:  2277800     File Time:  2016-07-16_171250
Version:
   Company:    Microsoft Corporation
   Product:    Microsoft® Windows® Operating System
   FileDesc:   Direct3D 11 Runtime
   FileVer:    10.0.14393.0
   ProdVer:    10.0.14393.0

Module 16
C:\WINDOWS\System32\MMDevApi.dll
Image Base: 0x6b390000  Image Size: 0x00058000
File Size:  352768      File Time:  2016-07-16_171250
Version:
   Company:    Microsoft Corporation
   Product:    Microsoft® Windows® Operating System
   FileDesc:   MMDevice API
   FileVer:    10.0.14393.0
   ProdVer:    10.0.14393.0

Module 17
C:\WINDOWS\SYSTEM32\wintypes.dll
Image Base: 0x6b3f0000  Image Size: 0x000cf000
File Size:  846560      File Time:  2016-09-15_225056
Version:
   Company:    Microsoft Corporation
   Product:    Microsoft® Windows® Operating System
   FileDesc:   Windows Base Types DLL
   FileVer:    10.0.14393.206
   ProdVer:    10.0.14393.206

Module 18
C:\WINDOWS\SYSTEM32\AUDIOSES.DLL
Image Base: 0x6b4c0000  Image Size: 0x0007b000
File Size:  484584      File Time:  2016-09-15_234442
Version:
   Company:    Microsoft Corporation
   Product:    Microsoft® Windows® Operating System
   FileDesc:   Audio Session
   FileVer:    10.0.14393.206
   ProdVer:    10.0.14393.206

Module 19
C:\WINDOWS\SYSTEM32\HID.DLL
Image Base: 0x6b5d0000  Image Size: 0x0000a000
File Size:  25600       File Time:  2016-07-16_171250
Version:
   Company:    Microsoft Corporation
   Product:    Microsoft® Windows® Operating System
   FileDesc:   Hid User Library
   FileVer:    10.0.14393.0
   ProdVer:    10.0.14393.0

Module 20
C:\WINDOWS\SYSTEM32\MSACM32.dll
Image Base: 0x6db60000  Image Size: 0x00018000
File Size:  90912       File Time:  2016-07-16_171250
Version:
   Company:    Microsoft Corporation
   Product:    Microsoft® Windows® Operating System
   FileDesc:   Microsoft ACM Audio Filter
   FileVer:    10.0.14393.0
   ProdVer:    10.0.14393.0

Module 21
C:\WINDOWS\SYSTEM32\dbghelp.dll
Image Base: 0x6e660000  Image Size: 0x00145000
File Size:  1220608     File Time:  2016-07-16_171258
Version:
   Company:    Microsoft
   Product:    Microsoft® Windows® Operating System
   FileDesc:   Windows Image Helper
   FileVer:    10.0.14321.1024
   ProdVer:    10.0.14321.1024

Module 22
C:\WINDOWS\SYSTEM32\AVRT.dll
Image Base: 0x6e7f0000  Image Size: 0x00009000
File Size:  29448       File Time:  2016-07-16_171250
Version:
   Company:    Microsoft Corporation
   Product:    Microsoft® Windows® Operating System
   FileDesc:   Multimedia Realtime Runtime
   FileVer:    10.0.14393.0
   ProdVer:    10.0.14393.0

Module 23
C:\WINDOWS\SYSTEM32\dxgi.dll
Image Base: 0x6e980000  Image Size: 0x00084000
File Size:  527880      File Time:  2016-07-16_171250
Version:
   Company:    Microsoft Corporation
   Product:    Microsoft® Windows® Operating System
   FileDesc:   DirectX Graphics Infrastructure
   FileVer:    10.0.14393.0
   ProdVer:    10.0.14393.0

Module 24
C:\WINDOWS\system32\nvapi.dll
Image Base: 0x6ea10000  Image Size: 0x0036c000
File Size:  3460824     File Time:  2016-09-24_182830
Version:
   Company:    NVIDIA Corporation
   Product:    NVIDIA Windows drivers
   FileDesc:   NVIDIA NVAPI Library, Version 369.09 
   FileVer:    21.21.13.6909
   ProdVer:    21.21.13.6909

Module 25
C:\WINDOWS\system32\dwmapi.dll
Image Base: 0x6f900000  Image Size: 0x0001f000
File Size:  113504      File Time:  2016-09-15_224352
Version:
   Company:    Microsoft Corporation
   Product:    Microsoft® Windows® Operating System
   FileDesc:   Microsoft Desktop Window Manager API
   FileVer:    10.0.14393.206
   ProdVer:    10.0.14393.206

Module 26
C:\WINDOWS\system32\uxtheme.dll
Image Base: 0x6f920000  Image Size: 0x00075000
File Size:  457728      File Time:  2016-07-16_171306
Version:
   Company:    Microsoft Corporation
   Product:    Microsoft® Windows® Operating System
   FileDesc:   Microsoft UxTheme Library
   FileVer:    10.0.14393.0
   ProdVer:    10.0.14393.0

Module 27
C:\WINDOWS\WinSxS\x86_microsoft.windows.common-controls_6595b64144ccf1df_6.0.14393.0_none_74bc87d3d22d9abe\comctl32.dll
Image Base: 0x6fbd0000  Image Size: 0x0020a000
File Size:  2121568     File Time:  2016-07-16_171306
Version:
   Company:    Microsoft Corporation
   Product:    Microsoft® Windows® Operating System
   FileDesc:   User Experience Controls Library
   FileVer:    6.10.14393.0
   ProdVer:    10.0.14393.0

Module 28
C:\WINDOWS\system32\wbem\fastprox.dll
Image Base: 0x70630000  Image Size: 0x000c2000
File Size:  779776      File Time:  2016-07-16_171258
Version:
   Company:    Microsoft Corporation
   Product:    Microsoft® Windows® Operating System
   FileDesc:   WMI Custom Marshaller
   FileVer:    10.0.14393.0
   ProdVer:    10.0.14393.0

Module 29
C:\WINDOWS\system32\wbem\wbemsvc.dll
Image Base: 0x70700000  Image Size: 0x00010000
File Size:  48640       File Time:  2016-07-16_171258
Version:
   Company:    Microsoft Corporation
   Product:    Microsoft® Windows® Operating System
   FileDesc:   WMI
   FileVer:    10.0.14393.0
   ProdVer:    10.0.14393.0

Module 30
C:\WINDOWS\SYSTEM32\wbemcomn.dll
Image Base: 0x70710000  Image Size: 0x00067000
File Size:  391168      File Time:  2016-07-16_171258
Version:
   Company:    Microsoft Corporation
   Product:    Microsoft® Windows® Operating System
   FileDesc:   WMI
   FileVer:    10.0.14393.0
   ProdVer:    10.0.14393.0

Module 31
C:\WINDOWS\system32\wbem\wbemprox.dll
Image Base: 0x70780000  Image Size: 0x0000d000
File Size:  35328       File Time:  2016-07-16_171258
Version:
   Company:    Microsoft Corporation
   Product:    Microsoft® Windows® Operating System
   FileDesc:   WMI
   FileVer:    10.0.14393.0
   ProdVer:    10.0.14393.0

Module 32
C:\WINDOWS\SYSTEM32\dhcpcsvc6.DLL
Image Base: 0x70790000  Image Size: 0x00013000
File Size:  57344       File Time:  2016-07-16_171256
Version:
   Company:    Microsoft Corporation
   Product:    Microsoft® Windows® Operating System
   FileDesc:   DHCPv6 Client
   FileVer:    10.0.14393.0
   ProdVer:    10.0.14393.0

Module 33
C:\WINDOWS\SYSTEM32\dhcpcsvc.DLL
Image Base: 0x707b0000  Image Size: 0x00014000
File Size:  63488       File Time:  2016-07-16_171256
Version:
   Company:    Microsoft Corporation
   Product:    Microsoft® Windows® Operating System
   FileDesc:   DHCP Client Service
   FileVer:    10.0.14393.0
   ProdVer:    10.0.14393.0

Module 34
C:\Windows\System32\rasadhlp.dll
Image Base: 0x707f0000  Image Size: 0x00008000
File Size:  13312       File Time:  2016-07-16_171302
Version:
   Company:    Microsoft Corporation
   Product:    Microsoft® Windows® Operating System
   FileDesc:   Remote Access AutoDial Helper
   FileVer:    10.0.14393.0
   ProdVer:    10.0.14393.0

Module 35
C:\Program Files (x86)\Bonjour\mdnsNSP.dll
Image Base: 0x70800000  Image Size: 0x00021000
File Size:  122128      File Time:  2015-08-12_160338
Version:
   Company:    Apple Inc.
   Product:    Bonjour
   FileDesc:   Bonjour Namespace Provider
   FileVer:    3.1.0.1
   ProdVer:    3.1.0.1

Module 36
C:\WINDOWS\SYSTEM32\DNSAPI.dll
Image Base: 0x70850000  Image Size: 0x0007c000
File Size:  496872      File Time:  2016-09-15_230716
Version:
   Company:    Microsoft Corporation
   Product:    Microsoft® Windows® Operating System
   FileDesc:   DNS Client API DLL
   FileVer:    10.0.14393.206
   ProdVer:    10.0.14393.206

Module 37
C:\WINDOWS\System32\fwpuclnt.dll
Image Base: 0x70b90000  Image Size: 0x00049000
File Size:  279040      File Time:  2016-07-16_171256
Version:
   Company:    Microsoft Corporation
   Product:    Microsoft® Windows® Operating System
   FileDesc:   FWP/IPsec User-Mode API
   FileVer:    10.0.14393.0
   ProdVer:    10.0.14393.0

Module 38
C:\WINDOWS\system32\rsaenh.dll
Image Base: 0x71630000  Image Size: 0x0002f000
File Size:  184416      File Time:  2016-07-16_171256
Version:
   Company:    Microsoft Corporation
   Product:    Microsoft® Windows® Operating System
   FileDesc:   Microsoft Enhanced Cryptographic Provider
   FileVer:    10.0.14393.0
   ProdVer:    10.0.14393.0

Module 39
C:\WINDOWS\SYSTEM32\CRYPTSP.dll
Image Base: 0x71660000  Image Size: 0x00013000
File Size:  68720       File Time:  2016-07-16_171256
Version:
   Company:    Microsoft Corporation
   Product:    Microsoft® Windows® Operating System
   FileDesc:   Cryptographic Service Provider API
   FileVer:    10.0.14393.0
   ProdVer:    10.0.14393.0

Module 40
C:\WINDOWS\System32\PROPSYS.dll
Image Base: 0x71680000  Image Size: 0x0014f000
File Size:  1375456     File Time:  2016-07-16_171256
Version:
   Company:    Microsoft Corporation
   Product:    Windows® Search
   FileDesc:   Microsoft Property System
   FileVer:    7.0.14393.0
   ProdVer:    7.0.14393.0

Module 41
C:\WINDOWS\SYSTEM32\MSWSOCK.dll
Image Base: 0x72ad0000  Image Size: 0x0004e000
File Size:  306016      File Time:  2016-07-16_171256
Version:
   Company:    Microsoft Corporation
   Product:    Microsoft® Windows® Operating System
   FileDesc:   Microsoft Windows Sockets 2.0 Service Provider
   FileVer:    10.0.14393.0
   ProdVer:    10.0.14393.0

Module 42
C:\WINDOWS\SYSTEM32\WINHTTP.dll
Image Base: 0x73850000  Image Size: 0x0009f000
File Size:  631808      File Time:  2016-07-16_171256
Version:
   Company:    Microsoft Corporation
   Product:    Microsoft® Windows® Operating System
   FileDesc:   Windows HTTP Services
   FileVer:    10.0.14393.0
   ProdVer:    10.0.14393.0

Module 43
C:\WINDOWS\SYSTEM32\IPHLPAPI.DLL
Image Base: 0x73af0000  Image Size: 0x0002f000
File Size:  184416      File Time:  2016-07-16_171256
Version:
   Company:    Microsoft Corporation
   Product:    Microsoft® Windows® Operating System
   FileDesc:   IP Helper API
   FileVer:    10.0.14393.0
   ProdVer:    10.0.14393.0

Module 44
C:\WINDOWS\SYSTEM32\WINMM.dll
Image Base: 0x73b20000  Image Size: 0x00024000
File Size:  135376      File Time:  2016-07-16_171250
Version:
   Company:    Microsoft Corporation
   Product:    Microsoft® Windows® Operating System
   FileDesc:   MCI API DLL
   FileVer:    10.0.14393.0
   ProdVer:    10.0.14393.0

Module 45
C:\WINDOWS\SYSTEM32\ntmarta.dll
Image Base: 0x73ee0000  Image Size: 0x00028000
File Size:  154432      File Time:  2016-07-16_171256
Version:
   Company:    Microsoft Corporation
   Product:    Microsoft® Windows® Operating System
   FileDesc:   Windows NT MARTA provider
   FileVer:    10.0.14393.0
   ProdVer:    10.0.14393.0

Module 46
C:\WINDOWS\System32\DEVOBJ.dll
Image Base: 0x73f30000  Image Size: 0x00022000
File Size:  132232      File Time:  2016-07-16_171256
Version:
   Company:    Microsoft Corporation
   Product:    Microsoft® Windows® Operating System
   FileDesc:   Device Information Set DLL
   FileVer:    10.0.14393.0
   ProdVer:    10.0.14393.0

Module 47
C:\WINDOWS\SYSTEM32\VERSION.dll
Image Base: 0x73f60000  Image Size: 0x00008000
File Size:  27360       File Time:  2016-07-16_171306
Version:
   Company:    Microsoft Corporation
   Product:    Microsoft® Windows® Operating System
   FileDesc:   Version Checking and File Installation Libraries
   FileVer:    10.0.14393.0
   ProdVer:    10.0.14393.0

Module 48
C:\WINDOWS\SYSTEM32\bcrypt.dll
Image Base: 0x73f70000  Image Size: 0x0001b000
File Size:  106896      File Time:  2016-07-16_171256
Version:
   Company:    Microsoft Corporation
   Product:    Microsoft® Windows® Operating System
   FileDesc:   Windows Cryptographic Primitives Library
   FileVer:    10.0.14393.0
   ProdVer:    10.0.14393.0

Module 49
C:\WINDOWS\System32\CRYPTBASE.dll
Image Base: 0x74000000  Image Size: 0x0000a000
File Size:  31528       File Time:  2016-07-16_171250
Version:
   Company:    Microsoft Corporation
   Product:    Microsoft® Windows® Operating System
   FileDesc:   Base cryptographic API DLL
   FileVer:    10.0.14393.0
   ProdVer:    10.0.14393.0

Module 50
C:\WINDOWS\System32\SspiCli.dll
Image Base: 0x74010000  Image Size: 0x0001e000
File Size:  117240      File Time:  2016-10-03_093046
Version:
   Company:    Microsoft Corporation
   Product:    Microsoft® Windows® Operating System
   FileDesc:   Security Support Provider Interface
   FileVer:    10.0.14393.187
   ProdVer:    10.0.14393.187

Module 51
C:\WINDOWS\System32\SHLWAPI.dll
Image Base: 0x741a0000  Image Size: 0x00046000
File Size:  284056      File Time:  2016-07-16_171304
Version:
   Company:    Microsoft Corporation
   Product:    Microsoft® Windows® Operating System
   FileDesc:   Shell Light-weight Utility Library
   FileVer:    10.0.14393.0
   ProdVer:    10.0.14393.0

Module 52
C:\WINDOWS\System32\ole32.dll
Image Base: 0x741f0000  Image Size: 0x000ea000
File Size:  959104      File Time:  2016-10-03_093046
Version:
   Company:    Microsoft Corporation
   Product:    Microsoft® Windows® Operating System
   FileDesc:   Microsoft OLE for Windows
   FileVer:    10.0.14393.187
   ProdVer:    10.0.14393.187

Module 53
C:\WINDOWS\System32\windows.storage.dll
Image Base: 0x742e0000  Image Size: 0x0056e000
File Size:  5722320     File Time:  2016-09-15_225242
Version:
   Company:    Microsoft Corporation
   Product:    Microsoft® Windows® Operating System
   FileDesc:   Microsoft WinRT Storage API
   FileVer:    10.0.14393.206
   ProdVer:    10.0.14393.206

Module 54
C:\WINDOWS\System32\clbcatq.dll
Image Base: 0x74850000  Image Size: 0x00084000
File Size:  528360      File Time:  2016-07-16_171248
Version:
   Company:    Microsoft Corporation
   Product:    Microsoft® Windows® Operating System
   FileDesc:   COM+ Configuration Catalog
   FileVer:    2001.12.10941.16384
   ProdVer:    10.0.14393.0

Module 55
C:\WINDOWS\System32\PSAPI.DLL
Image Base: 0x748e0000  Image Size: 0x00006000
File Size:  17048       File Time:  2016-07-16_171246
Version:
   Company:    Microsoft Corporation
   Product:    Microsoft® Windows® Operating System
   FileDesc:   Process Status Helper
   FileVer:    10.0.14393.0
   ProdVer:    10.0.14393.0

Module 56
C:\WINDOWS\System32\win32u.dll
Image Base: 0x748f0000  Image Size: 0x00015000
File Size:  79536       File Time:  2016-10-03_093032
Version:
   Company:    Microsoft Corporation
   Product:    Microsoft® Windows® Operating System
   FileDesc:   Win32u
   FileVer:    10.0.14393.51
   ProdVer:    10.0.14393.51

Module 57
C:\WINDOWS\System32\SETUPAPI.dll
Image Base: 0x74970000  Image Size: 0x0040b000
File Size:  4268368     File Time:  2016-07-16_171246
Version:
   Company:    Microsoft Corporation
   Product:    Microsoft® Windows® Operating System
   FileDesc:   Windows Setup API
   FileVer:    10.0.14393.0
   ProdVer:    10.0.14393.0

Module 58
C:\WINDOWS\System32\MSCTF.dll
Image Base: 0x74d80000  Image Size: 0x00136000
File Size:  1264912     File Time:  2016-09-15_224400
Version:
   Company:    Microsoft Corporation
   Product:    Microsoft® Windows® Operating System
   FileDesc:   MSCTF Server DLL
   FileVer:    10.0.14393.206
   ProdVer:    10.0.14393.206

Module 59
C:\WINDOWS\System32\IMM32.dll
Image Base: 0x74f60000  Image Size: 0x00025000
File Size:  144632      File Time:  2016-07-16_171250
Version:
   Company:    Microsoft Corporation
   Product:    Microsoft® Windows® Operating System
   FileDesc:   Multi-User Windows IMM32 API Client DLL
   FileVer:    10.0.14393.0
   ProdVer:    10.0.14393.0

Module 60
C:\WINDOWS\System32\kernel.appcore.dll
Image Base: 0x74fa0000  Image Size: 0x0000d000
File Size:  43416       File Time:  2016-07-16_171256
Version:
   Company:    Microsoft Corporation
   Product:    Microsoft® Windows® Operating System
   FileDesc:   AppModel API Host
   FileVer:    10.0.14393.0
   ProdVer:    10.0.14393.0

Module 61
C:\WINDOWS\System32\powrprof.dll
Image Base: 0x74fb0000  Image Size: 0x00045000
File Size:  275832      File Time:  2016-07-16_171256
Version:
   Company:    Microsoft Corporation
   Product:    Microsoft® Windows® Operating System
   FileDesc:   Power Profile Helper DLL
   FileVer:    10.0.14393.0
   ProdVer:    10.0.14393.0

Module 62
C:\WINDOWS\System32\SHELL32.dll
Image Base: 0x75000000  Image Size: 0x013d7000
File Size:  20965240    File Time:  2016-10-05_151544
Version:
   Company:    Microsoft Corporation
   Product:    Microsoft® Windows® Operating System
   FileDesc:   Windows Shell Common Dll
   FileVer:    10.0.14393.321
   ProdVer:    10.0.14393.321

Module 63
C:\WINDOWS\System32\NSI.dll
Image Base: 0x763e0000  Image Size: 0x00007000
File Size:  20152       File Time:  2016-07-16_171228
Version:
   Company:    Microsoft Corporation
   Product:    Microsoft® Windows® Operating System
   FileDesc:   NSI User-mode interface DLL
   FileVer:    10.0.14393.0
   ProdVer:    10.0.14393.0

Module 64
C:\WINDOWS\System32\shcore.dll
Image Base: 0x763f0000  Image Size: 0x00088000
File Size:  549088      File Time:  2016-07-16_171244
Version:
   Company:    Microsoft Corporation
   Product:    Microsoft® Windows® Operating System
   FileDesc:   SHCORE
   FileVer:    10.0.14393.0
   ProdVer:    10.0.14393.0

Module 65
C:\WINDOWS\System32\WS2_32.dll
Image Base: 0x76600000  Image Size: 0x00063000
File Size:  402352      File Time:  2016-09-15_230706
Version:
   Company:    Microsoft Corporation
   Product:    Microsoft® Windows® Operating System
   FileDesc:   Windows Socket 2.0 32-Bit DLL
   FileVer:    10.0.14393.206
   ProdVer:    10.0.14393.206

Module 66
C:\WINDOWS\System32\bcryptPrimitives.dll
Image Base: 0x76670000  Image Size: 0x0005a000
File Size:  367208      File Time:  2016-07-16_171228
Version:
   Company:    Microsoft Corporation
   Product:    Microsoft® Windows® Operating System
   FileDesc:   Windows Cryptographic Primitives Library
   FileVer:    10.0.14393.0
   ProdVer:    10.0.14393.0

Module 67
C:\WINDOWS\System32\msvcp_win.dll
Image Base: 0x766d0000  Image Size: 0x0007b000
File Size:  498408      File Time:  2016-07-16_171256
Version:
   Company:    Microsoft Corporation
   Product:    Microsoft® Windows® Operating System
   FileDesc:   Microsoft® C Runtime Library
   FileVer:    10.0.14393.0
   ProdVer:    10.0.14393.0

Module 68
C:\WINDOWS\System32\sechost.dll
Image Base: 0x76750000  Image Size: 0x00041000
File Size:  255168      File Time:  2016-07-16_171250
Version:
   Company:    Microsoft Corporation
   Product:    Microsoft® Windows® Operating System
   FileDesc:   Host for SCM/SDDL/LSA Lookup APIs
   FileVer:    10.0.14393.0
   ProdVer:    10.0.14393.0

Module 69
C:\WINDOWS\System32\combase.dll
Image Base: 0x767a0000  Image Size: 0x00211000
File Size:  2166232     File Time:  2016-10-03_093032
Version:
   Company:    Microsoft Corporation
   Product:    Microsoft® Windows® Operating System
   FileDesc:   Microsoft COM for Windows
   FileVer:    10.0.14393.187
   ProdVer:    10.0.14393.187

Module 70
C:\WINDOWS\System32\ADVAPI32.dll
Image Base: 0x769c0000  Image Size: 0x00077000
File Size:  482392      File Time:  2016-07-16_171250
Version:
   Company:    Microsoft Corporation
   Product:    Microsoft® Windows® Operating System
   FileDesc:   Advanced Windows 32 Base API
   FileVer:    10.0.14393.0
   ProdVer:    10.0.14393.0

Module 71
C:\WINDOWS\System32\msvcrt.dll
Image Base: 0x76a40000  Image Size: 0x000be000
File Size:  773168      File Time:  2016-07-16_171250
Version:
   Company:    Microsoft Corporation
   Product:    Microsoft® Windows® Operating System
   FileDesc:   Windows NT CRT DLL
   FileVer:    7.0.14393.0
   ProdVer:    10.0.14393.0

Module 72
C:\WINDOWS\System32\KERNELBASE.dll
Image Base: 0x76b80000  Image Size: 0x001a1000
File Size:  1705976     File Time:  2016-10-05_153326
Version:
   Company:    Microsoft Corporation
   Product:    Microsoft® Windows® Operating System
   FileDesc:   Windows NT BASE API Client DLL
   FileVer:    10.0.14393.321
   ProdVer:    10.0.14393.321

Module 73
C:\WINDOWS\System32\GDI32.dll
Image Base: 0x76d40000  Image Size: 0x0002b000
File Size:  170960      File Time:  2016-09-15_225320
Version:
   Company:    Microsoft Corporation
   Product:    Microsoft® Windows® Operating System
   FileDesc:   GDI Client DLL
   FileVer:    10.0.14393.206
   ProdVer:    10.0.14393.206

Module 74
C:\WINDOWS\System32\profapi.dll
Image Base: 0x76d70000  Image Size: 0x0000f000
File Size:  54752       File Time:  2016-07-16_171250
Version:
   Company:    Microsoft Corporation
   Product:    Microsoft® Windows® Operating System
   FileDesc:   User Profile Basic API
   FileVer:    10.0.14393.0
   ProdVer:    10.0.14393.0

Module 75
C:\WINDOWS\System32\OLEAUT32.dll
Image Base: 0x76d80000  Image Size: 0x00094000
File Size:  601200      File Time:  2016-10-03_093032
Version:
   Company:    Microsoft Corporation
   Product:    
   FileDesc:   
   FileVer:    10.0.14393.187
   ProdVer:    10.0.14393.187

Module 76
C:\WINDOWS\System32\RPCRT4.dll
Image Base: 0x76e20000  Image Size: 0x000c1000
File Size:  790760      File Time:  2016-10-03_093046
Version:
   Company:    Microsoft Corporation
   Product:    Microsoft® Windows® Operating System
   FileDesc:   Remote Procedure Call Runtime
   FileVer:    10.0.14393.82
   ProdVer:    10.0.14393.82

Module 77
C:\WINDOWS\System32\ucrtbase.dll
Image Base: 0x76fa0000  Image Size: 0x000e0000
File Size:  918304      File Time:  2016-07-16_171256
Version:
   Company:    Microsoft Corporation
   Product:    Microsoft® Windows® Operating System
   FileDesc:   Microsoft® C Runtime Library
   FileVer:    10.0.14393.0
   ProdVer:    10.0.14393.0

Module 78
C:\WINDOWS\System32\gdi32full.dll
Image Base: 0x77080000  Image Size: 0x0015b000
File Size:  1415752     File Time:  2016-09-15_224404
Version:
   Company:    Microsoft Corporation
   Product:    Microsoft® Windows® Operating System
   FileDesc:   GDI Client DLL
   FileVer:    10.0.14393.206
   ProdVer:    10.0.14393.206

Module 79
C:\WINDOWS\System32\USER32.dll
Image Base: 0x771e0000  Image Size: 0x0015f000
File Size:  1435896     File Time:  2016-10-03_093032
Version:
   Company:    Microsoft Corporation
   Product:    Microsoft® Windows® Operating System
   FileDesc:   Multi-User Windows USER API Client DLL
   FileVer:    10.0.14393.5
   ProdVer:    10.0.14393.5

Module 80
C:\WINDOWS\System32\cfgmgr32.dll
Image Base: 0x77430000  Image Size: 0x00036000
File Size:  213848      File Time:  2016-07-16_171256
Version:
   Company:    Microsoft Corporation
   Product:    Microsoft® Windows® Operating System
   FileDesc:   Configuration Manager DLL
   FileVer:    10.0.14393.0
   ProdVer:    10.0.14393.0

Module 81
C:\WINDOWS\System32\KERNEL32.DLL
Image Base: 0x77470000  Image Size: 0x000e0000
File Size:  616048      File Time:  2016-07-16_171246
Version:
   Company:    Microsoft Corporation
   Product:    Microsoft® Windows® Operating System
   FileDesc:   Windows NT BASE API Client DLL
   FileVer:    10.0.14393.0
   ProdVer:    10.0.14393.0

Module 82
C:\WINDOWS\SYSTEM32\ntdll.dll
Image Base: 0x77550000  Image Size: 0x00182000
File Size:  1570680     File Time:  2016-09-15_230524
Version:
   Company:    Microsoft Corporation
   Product:    Microsoft® Windows® Operating System
   FileDesc:   NT Layer DLL
   FileVer:    10.0.14393.206
   ProdVer:    10.0.14393.206


== [end of error.log] ==
